[2m[36m(pid=26425)[0m number of updates: 0
[2m[36m(pid=26425)[0m update speed: 0.0/s
[2m[36m(pid=26428)[0m buffer update speed: 411.2/s
[2m[36m(pid=26428)[0m buffer size: 2056
[2m[36m(pid=26428)[0m      10      15      20      25      30      35      40   
[2m[36m(pid=26428)[0m  1   0/4     N/A     N/A     N/A     N/A     N/A     N/A  
[2m[36m(pid=26428)[0m  2   N/A     N/A     N/A     N/A     N/A     N/A     N/A  
[2m[36m(pid=26428)[0m  3   N/A     N/A     N/A     N/A     N/A     N/A     N/A  
[2m[36m(pid=26428)[0m  4   N/A     N/A     N/A     N/A     N/A     N/A     N/A  
[2m[36m(pid=26428)[0m  5   N/A     N/A     N/A     N/A     N/A     N/A     N/A  
[2m[36m(pid=26428)[0m  6   N/A     N/A     N/A     N/A     N/A     N/A     N/A  
[2m[36m(pid=26428)[0m  7   N/A     N/A     N/A     N/A     N/A     N/A     N/A  
[2m[36m(pid=26428)[0m  8   N/A     N/A     N/A     N/A     N/A     N/A     N/A  
[2m[36m(pid=26428)[0m  9   N/A     N/A     N/A     N/A     N/A     N/A     N/A  
[2m[36m(pid=26428)[0m 10   N/A     N/A     N/A     N/A     N/A     N/A     N/A  
[2m[36m(pid=26428)[0m 11   N/A     N/A     N/A     N/A     N/A     N/A     N/A  
[2m[36m(pid=26428)[0m 12   N/A     N/A     N/A     N/A     N/A     N/A     N/A  
[2m[36m(pid=26428)[0m steps: 0
[2m[36m(pid=26425)[0m number of updates: 0
[2m[36m(pid=26425)[0m update speed: 0.0/s
[2m[36m(pid=26428)[0m buffer update speed: 15.6/s
[2m[36m(pid=26428)[0m buffer size: 2134
[2m[36m(pid=26428)[0m      10      15      20      25      30      35      40   
[2m[36m(pid=26428)[0m  1   0/4     N/A     N/A     N/A     N/A     N/A     N/A  
[2m[36m(pid=26428)[0m  2   N/A     N/A     N/A     N/A     N/A     N/A     N/A  
[2m[36m(pid=26428)[0m  3   N/A     N/A     N/A     N/A     N/A     N/A     N/A  
[2m[36m(pid=26428)[0m  4   N/A     N/A     N/A     N/A     N/A     N/A     N/A  
[2m[36m(pid=26428)[0m  5   N/A     N/A     N/A     N/A     N/A     N/A     N/A  
[2m[36m(pid=26428)[0m  6   N/A     N/A     N/A     N/A     N/A     N/A     N/A  
[2m[36m(pid=26428)[0m  7   N/A     N/A     N/A     N/A     N/A     N/A     N/A  
[2m[36m(pid=26428)[0m  8   N/A     N/A     N/A     N/A     N/A     N/A     N/A  
[2m[36m(pid=26428)[0m  9   N/A     N/A     N/A     N/A     N/A     N/A     N/A  
[2m[36m(pid=26428)[0m 10   N/A     N/A     N/A     N/A     N/A     N/A     N/A  
[2m[36m(pid=26428)[0m 11   N/A     N/A     N/A     N/A     N/A     N/A     N/A  
[2m[36m(pid=26428)[0m 12   N/A     N/A     N/A     N/A     N/A     N/A     N/A  
[2m[36m(pid=26428)[0m steps: 0
[2m[36m(pid=26425)[0m number of updates: 0
[2m[36m(pid=26425)[0m update speed: 0.0/s
[2m[36m(pid=26428)[0m buffer update speed: 410.6/s
[2m[36m(pid=26428)[0m buffer size: 4187
[2m[36m(pid=26428)[0m      10      15      20      25      30      35      40   
[2m[36m(pid=26428)[0m  1   0/8     N/A     N/A     N/A     N/A     N/A     N/A  
[2m[36m(pid=26428)[0m  2   N/A     N/A     N/A     N/A     N/A     N/A     N/A  
[2m[36m(pid=26428)[0m  3   N/A     N/A     N/A     N/A     N/A     N/A     N/A  
[2m[36m(pid=26428)[0m  4   N/A     N/A     N/A     N/A     N/A     N/A     N/A  
[2m[36m(pid=26428)[0m  5   N/A     N/A     N/A     N/A     N/A     N/A     N/A  
[2m[36m(pid=26428)[0m  6   N/A     N/A     N/A     N/A     N/A     N/A     N/A  
[2m[36m(pid=26428)[0m  7   N/A     N/A     N/A     N/A     N/A     N/A     N/A  
[2m[36m(pid=26428)[0m  8   N/A     N/A     N/A     N/A     N/A     N/A     N/A  
[2m[36m(pid=26428)[0m  9   N/A     N/A     N/A     N/A     N/A     N/A     N/A  
[2m[36m(pid=26428)[0m 10   N/A     N/A     N/A     N/A     N/A     N/A     N/A  
[2m[36m(pid=26428)[0m 11   N/A     N/A     N/A     N/A     N/A     N/A     N/A  
[2m[36m(pid=26428)[0m 12   N/A     N/A     N/A     N/A     N/A     N/A     N/A  
[2m[36m(pid=26428)[0m steps: 0
[2m[36m(pid=26425)[0m number of updates: 0
[2m[36m(pid=26425)[0m update speed: 0.0/s
[2m[36m(pid=26428)[0m buffer update speed: 358.4/s
[2m[36m(pid=26428)[0m buffer size: 5979
[2m[36m(pid=26428)[0m      10      15      20      25      30      35      40   
[2m[36m(pid=26428)[0m  1   0/12    N/A     N/A     N/A     N/A     N/A     N/A  
[2m[36m(pid=26428)[0m  2   N/A     N/A     N/A     N/A     N/A     N/A     N/A  
[2m[36m(pid=26428)[0m  3   N/A     N/A     N/A     N/A     N/A     N/A     N/A  
[2m[36m(pid=26428)[0m  4   N/A     N/A     N/A     N/A     N/A     N/A     N/A  
[2m[36m(pid=26428)[0m  5   N/A     N/A     N/A     N/A     N/A     N/A     N/A  
[2m[36m(pid=26428)[0m  6   N/A     N/A     N/A     N/A     N/A     N/A     N/A  
[2m[36m(pid=26428)[0m  7   N/A     N/A     N/A     N/A     N/A     N/A     N/A  
[2m[36m(pid=26428)[0m  8   N/A     N/A     N/A     N/A     N/A     N/A     N/A  
[2m[36m(pid=26428)[0m  9   N/A     N/A     N/A     N/A     N/A     N/A     N/A  
[2m[36m(pid=26428)[0m 10   N/A     N/A     N/A     N/A     N/A     N/A     N/A  
[2m[36m(pid=26428)[0m 11   N/A     N/A     N/A     N/A     N/A     N/A     N/A  
[2m[36m(pid=26428)[0m 12   N/A     N/A     N/A     N/A     N/A     N/A     N/A  
[2m[36m(pid=26428)[0m steps: 0
[2m[36m(pid=26425)[0m number of updates: 0
[2m[36m(pid=26425)[0m update speed: 0.0/s
[2m[36m(pid=26428)[0m buffer update speed: 55.4/s
[2m[36m(pid=26428)[0m buffer size: 6256
[2m[36m(pid=26428)[0m      10      15      20      25      30      35      40   
[2m[36m(pid=26428)[0m  1   0/12    N/A     N/A     N/A     N/A     N/A     N/A  
[2m[36m(pid=26428)[0m  2   N/A     N/A     N/A     N/A     N/A     N/A     N/A  
[2m[36m(pid=26428)[0m  3   N/A     N/A     N/A     N/A     N/A     N/A     N/A  
[2m[36m(pid=26428)[0m  4   N/A     N/A     N/A     N/A     N/A     N/A     N/A  
[2m[36m(pid=26428)[0m  5   N/A     N/A     N/A     N/A     N/A     N/A     N/A  
[2m[36m(pid=26428)[0m  6   N/A     N/A     N/A     N/A     N/A     N/A     N/A  
[2m[36m(pid=26428)[0m  7   N/A     N/A     N/A     N/A     N/A     N/A     N/A  
[2m[36m(pid=26428)[0m  8   N/A     N/A     N/A     N/A     N/A     N/A     N/A  
[2m[36m(pid=26428)[0m  9   N/A     N/A     N/A     N/A     N/A     N/A     N/A  
[2m[36m(pid=26428)[0m 10   N/A     N/A     N/A     N/A     N/A     N/A     N/A  
[2m[36m(pid=26428)[0m 11   N/A     N/A     N/A     N/A     N/A     N/A     N/A  
[2m[36m(pid=26428)[0m 12   N/A     N/A     N/A     N/A     N/A     N/A     N/A  
[2m[36m(pid=26428)[0m steps: 0
[2m[36m(pid=26425)[0m number of updates: 0
[2m[36m(pid=26425)[0m update speed: 0.0/s
[2m[36m(pid=26428)[0m buffer update speed: 360.2/s
[2m[36m(pid=26428)[0m buffer size: 8057
[2m[36m(pid=26428)[0m      10      15      20      25      30      35      40   
[2m[36m(pid=26428)[0m  1   1/17    N/A     N/A     N/A     N/A     N/A     N/A  
[2m[36m(pid=26428)[0m  2   N/A     N/A     N/A     N/A     N/A     N/A     N/A  
[2m[36m(pid=26428)[0m  3   N/A     N/A     N/A     N/A     N/A     N/A     N/A  
[2m[36m(pid=26428)[0m  4   N/A     N/A     N/A     N/A     N/A     N/A     N/A  
[2m[36m(pid=26428)[0m  5   N/A     N/A     N/A     N/A     N/A     N/A     N/A  
[2m[36m(pid=26428)[0m  6   N/A     N/A     N/A     N/A     N/A     N/A     N/A  
[2m[36m(pid=26428)[0m  7   N/A     N/A     N/A     N/A     N/A     N/A     N/A  
[2m[36m(pid=26428)[0m  8   N/A     N/A     N/A     N/A     N/A     N/A     N/A  
[2m[36m(pid=26428)[0m  9   N/A     N/A     N/A     N/A     N/A     N/A     N/A  
[2m[36m(pid=26428)[0m 10   N/A     N/A     N/A     N/A     N/A     N/A     N/A  
[2m[36m(pid=26428)[0m 11   N/A     N/A     N/A     N/A     N/A     N/A     N/A  
[2m[36m(pid=26428)[0m 12   N/A     N/A     N/A     N/A     N/A     N/A     N/A  
[2m[36m(pid=26428)[0m steps: 0
[2m[36m(pid=26425)[0m number of updates: 0
[2m[36m(pid=26425)[0m update speed: 0.0/s
[2m[36m(pid=26428)[0m buffer update speed: 44.6/s
[2m[36m(pid=26428)[0m buffer size: 8280
[2m[36m(pid=26428)[0m      10      15      20      25      30      35      40   
[2m[36m(pid=26428)[0m  1   1/17    N/A     N/A     N/A     N/A     N/A     N/A  
[2m[36m(pid=26428)[0m  2   N/A     N/A     N/A     N/A     N/A     N/A     N/A  
[2m[36m(pid=26428)[0m  3   N/A     N/A     N/A     N/A     N/A     N/A     N/A  
[2m[36m(pid=26428)[0m  4   N/A     N/A     N/A     N/A     N/A     N/A     N/A  
[2m[36m(pid=26428)[0m  5   N/A     N/A     N/A     N/A     N/A     N/A     N/A  
[2m[36m(pid=26428)[0m  6   N/A     N/A     N/A     N/A     N/A     N/A     N/A  
[2m[36m(pid=26428)[0m  7   N/A     N/A     N/A     N/A     N/A     N/A     N/A  
[2m[36m(pid=26428)[0m  8   N/A     N/A     N/A     N/A     N/A     N/A     N/A  
[2m[36m(pid=26428)[0m  9   N/A     N/A     N/A     N/A     N/A     N/A     N/A  
[2m[36m(pid=26428)[0m 10   N/A     N/A     N/A     N/A     N/A     N/A     N/A  
[2m[36m(pid=26428)[0m 11   N/A     N/A     N/A     N/A     N/A     N/A     N/A  
[2m[36m(pid=26428)[0m 12   N/A     N/A     N/A     N/A     N/A     N/A     N/A  
[2m[36m(pid=26428)[0m steps: 0
