[2m[36m(pid=24412)[0m number of updates: 0
[2m[36m(pid=24412)[0m update speed: 0.0/s
[2m[36m(pid=24414)[0m buffer update speed: 2853.8/s
[2m[36m(pid=24414)[0m buffer size: 14269
[2m[36m(pid=24414)[0m      10      15      20      25      30      35      40   
[2m[36m(pid=24414)[0m  1   0/12    N/A     N/A     N/A     N/A     N/A     N/A  
[2m[36m(pid=24414)[0m  2   N/A     N/A     N/A     N/A     N/A     N/A     N/A  
[2m[36m(pid=24414)[0m  3   N/A     N/A     N/A     N/A     N/A     N/A     N/A  
[2m[36m(pid=24414)[0m  4   N/A     N/A     N/A     N/A     N/A     N/A     N/A  
[2m[36m(pid=24414)[0m  5   N/A     N/A     N/A     N/A     N/A     N/A     N/A  
[2m[36m(pid=24414)[0m  6   N/A     N/A     N/A     N/A     N/A     N/A     N/A  
[2m[36m(pid=24414)[0m  7   N/A     N/A     N/A     N/A     N/A     N/A     N/A  
[2m[36m(pid=24414)[0m  8   N/A     N/A     N/A     N/A     N/A     N/A     N/A  
[2m[36m(pid=24414)[0m  9   N/A     N/A     N/A     N/A     N/A     N/A     N/A  
[2m[36m(pid=24414)[0m 10   N/A     N/A     N/A     N/A     N/A     N/A     N/A  
[2m[36m(pid=24414)[0m 11   N/A     N/A     N/A     N/A     N/A     N/A     N/A  
[2m[36m(pid=24414)[0m 12   N/A     N/A     N/A     N/A     N/A     N/A     N/A  
[2m[36m(pid=24414)[0m steps: 0
[2m[36m(pid=24412)[0m number of updates: 0
[2m[36m(pid=24412)[0m update speed: 0.0/s
[2m[36m(pid=24414)[0m buffer update speed: 3661.8/s
[2m[36m(pid=24414)[0m buffer size: 32578
[2m[36m(pid=24414)[0m      10      15      20      25      30      35      40   
[2m[36m(pid=24414)[0m  1   1/29    N/A     N/A     N/A     N/A     N/A     N/A  
[2m[36m(pid=24414)[0m  2   N/A     N/A     N/A     N/A     N/A     N/A     N/A  
[2m[36m(pid=24414)[0m  3   N/A     N/A     N/A     N/A     N/A     N/A     N/A  
[2m[36m(pid=24414)[0m  4   N/A     N/A     N/A     N/A     N/A     N/A     N/A  
[2m[36m(pid=24414)[0m  5   N/A     N/A     N/A     N/A     N/A     N/A     N/A  
[2m[36m(pid=24414)[0m  6   N/A     N/A     N/A     N/A     N/A     N/A     N/A  
[2m[36m(pid=24414)[0m  7   N/A     N/A     N/A     N/A     N/A     N/A     N/A  
[2m[36m(pid=24414)[0m  8   N/A     N/A     N/A     N/A     N/A     N/A     N/A  
[2m[36m(pid=24414)[0m  9   N/A     N/A     N/A     N/A     N/A     N/A     N/A  
[2m[36m(pid=24414)[0m 10   N/A     N/A     N/A     N/A     N/A     N/A     N/A  
[2m[36m(pid=24414)[0m 11   N/A     N/A     N/A     N/A     N/A     N/A     N/A  
[2m[36m(pid=24414)[0m 12   N/A     N/A     N/A     N/A     N/A     N/A     N/A  
[2m[36m(pid=24414)[0m steps: 0
start training
[2m[36m(pid=24412)[0m number of updates: 0
[2m[36m(pid=24412)[0m update speed: 0.0/s
[2m[36m(pid=24414)[0m buffer update speed: 3812.8/s
[2m[36m(pid=24414)[0m buffer size: 51642
[2m[36m(pid=24414)[0m      10      15      20      25      30      35      40   
[2m[36m(pid=24414)[0m  1   3/47    N/A     N/A     N/A     N/A     N/A     N/A  
[2m[36m(pid=24414)[0m  2   N/A     N/A     N/A     N/A     N/A     N/A     N/A  
[2m[36m(pid=24414)[0m  3   N/A     N/A     N/A     N/A     N/A     N/A     N/A  
[2m[36m(pid=24414)[0m  4   N/A     N/A     N/A     N/A     N/A     N/A     N/A  
[2m[36m(pid=24414)[0m  5   N/A     N/A     N/A     N/A     N/A     N/A     N/A  
[2m[36m(pid=24414)[0m  6   N/A     N/A     N/A     N/A     N/A     N/A     N/A  
[2m[36m(pid=24414)[0m  7   N/A     N/A     N/A     N/A     N/A     N/A     N/A  
[2m[36m(pid=24414)[0m  8   N/A     N/A     N/A     N/A     N/A     N/A     N/A  
[2m[36m(pid=24414)[0m  9   N/A     N/A     N/A     N/A     N/A     N/A     N/A  
[2m[36m(pid=24414)[0m 10   N/A     N/A     N/A     N/A     N/A     N/A     N/A  
[2m[36m(pid=24414)[0m 11   N/A     N/A     N/A     N/A     N/A     N/A     N/A  
[2m[36m(pid=24414)[0m 12   N/A     N/A     N/A     N/A     N/A     N/A     N/A  
[2m[36m(pid=24414)[0m steps: 0
[2m[36m(pid=24414)[0m no prepared data

[2m[36m(pid=24412)[0m number of updates: 4
[2m[36m(pid=24412)[0m update speed: 0.4/s
[2m[36m(pid=24412)[0m loss: 0.0838
[2m[36m(pid=24414)[0m buffer update speed: 3587.2/s
[2m[36m(pid=24414)[0m buffer size: 87514
[2m[36m(pid=24414)[0m      10      15      20      25      30      35      40   
[2m[36m(pid=24414)[0m  1   5/82    N/A     N/A     N/A     N/A     N/A     N/A  
[2m[36m(pid=24414)[0m  2   N/A     N/A     N/A     N/A     N/A     N/A     N/A  
[2m[36m(pid=24414)[0m  3   N/A     N/A     N/A     N/A     N/A     N/A     N/A  
[2m[36m(pid=24414)[0m  4   N/A     N/A     N/A     N/A     N/A     N/A     N/A  
[2m[36m(pid=24414)[0m  5   N/A     N/A     N/A     N/A     N/A     N/A     N/A  
[2m[36m(pid=24414)[0m  6   N/A     N/A     N/A     N/A     N/A     N/A     N/A  
[2m[36m(pid=24414)[0m  7   N/A     N/A     N/A     N/A     N/A     N/A     N/A  
[2m[36m(pid=24414)[0m  8   N/A     N/A     N/A     N/A     N/A     N/A     N/A  
[2m[36m(pid=24414)[0m  9   N/A     N/A     N/A     N/A     N/A     N/A     N/A  
[2m[36m(pid=24414)[0m 10   N/A     N/A     N/A     N/A     N/A     N/A     N/A  
[2m[36m(pid=24414)[0m 11   N/A     N/A     N/A     N/A     N/A     N/A     N/A  
[2m[36m(pid=24414)[0m 12   N/A     N/A     N/A     N/A     N/A     N/A     N/A  
[2m[36m(pid=24414)[0m steps: 4

[2m[36m(pid=24412)[0m number of updates: 8
[2m[36m(pid=24412)[0m update speed: 0.4/s
[2m[36m(pid=24412)[0m loss: 0.0520
[2m[36m(pid=24414)[0m buffer update speed: 3990.5/s
[2m[36m(pid=24414)[0m buffer size: 127419
[2m[36m(pid=24414)[0m      10      15      20      25      30      35      40   
[2m[36m(pid=24414)[0m  1   6/118   N/A     N/A     N/A     N/A     N/A     N/A  
[2m[36m(pid=24414)[0m  2   N/A     N/A     N/A     N/A     N/A     N/A     N/A  
[2m[36m(pid=24414)[0m  3   N/A     N/A     N/A     N/A     N/A     N/A     N/A  
[2m[36m(pid=24414)[0m  4   N/A     N/A     N/A     N/A     N/A     N/A     N/A  
[2m[36m(pid=24414)[0m  5   N/A     N/A     N/A     N/A     N/A     N/A     N/A  
[2m[36m(pid=24414)[0m  6   N/A     N/A     N/A     N/A     N/A     N/A     N/A  
[2m[36m(pid=24414)[0m  7   N/A     N/A     N/A     N/A     N/A     N/A     N/A  
[2m[36m(pid=24414)[0m  8   N/A     N/A     N/A     N/A     N/A     N/A     N/A  
[2m[36m(pid=24414)[0m  9   N/A     N/A     N/A     N/A     N/A     N/A     N/A  
[2m[36m(pid=24414)[0m 10   N/A     N/A     N/A     N/A     N/A     N/A     N/A  
[2m[36m(pid=24414)[0m 11   N/A     N/A     N/A     N/A     N/A     N/A     N/A  
[2m[36m(pid=24414)[0m 12   N/A     N/A     N/A     N/A     N/A     N/A     N/A  
[2m[36m(pid=24414)[0m steps: 8

[2m[36m(pid=24412)[0m number of updates: 13
[2m[36m(pid=24412)[0m update speed: 0.5/s
[2m[36m(pid=24412)[0m loss: 0.0386
[2m[36m(pid=24414)[0m buffer update speed: 3877.0/s
[2m[36m(pid=24414)[0m buffer size: 166189
[2m[36m(pid=24414)[0m      10      15      20      25      30      35      40   
[2m[36m(pid=24414)[0m  1   9/156   N/A     N/A     N/A     N/A     N/A     N/A  
[2m[36m(pid=24414)[0m  2   N/A     N/A     N/A     N/A     N/A     N/A     N/A  
[2m[36m(pid=24414)[0m  3   N/A     N/A     N/A     N/A     N/A     N/A     N/A  
[2m[36m(pid=24414)[0m  4   N/A     N/A     N/A     N/A     N/A     N/A     N/A  
[2m[36m(pid=24414)[0m  5   N/A     N/A     N/A     N/A     N/A     N/A     N/A  
[2m[36m(pid=24414)[0m  6   N/A     N/A     N/A     N/A     N/A     N/A     N/A  
[2m[36m(pid=24414)[0m  7   N/A     N/A     N/A     N/A     N/A     N/A     N/A  
[2m[36m(pid=24414)[0m  8   N/A     N/A     N/A     N/A     N/A     N/A     N/A  
[2m[36m(pid=24414)[0m  9   N/A     N/A     N/A     N/A     N/A     N/A     N/A  
[2m[36m(pid=24414)[0m 10   N/A     N/A     N/A     N/A     N/A     N/A     N/A  
[2m[36m(pid=24414)[0m 11   N/A     N/A     N/A     N/A     N/A     N/A     N/A  
[2m[36m(pid=24414)[0m 12   N/A     N/A     N/A     N/A     N/A     N/A     N/A  
[2m[36m(pid=24414)[0m steps: 13

[2m[36m(pid=24412)[0m number of updates: 18
[2m[36m(pid=24412)[0m update speed: 0.5/s
[2m[36m(pid=24412)[0m loss: 0.0258
[2m[36m(pid=24414)[0m buffer update speed: 3977.2/s
[2m[36m(pid=24414)[0m buffer size: 205961
[2m[36m(pid=24414)[0m      10      15      20      25      30      35      40   
[2m[36m(pid=24414)[0m  1  10/192   N/A     N/A     N/A     N/A     N/A     N/A  
[2m[36m(pid=24414)[0m  2   N/A     N/A     N/A     N/A     N/A     N/A     N/A  
[2m[36m(pid=24414)[0m  3   N/A     N/A     N/A     N/A     N/A     N/A     N/A  
[2m[36m(pid=24414)[0m  4   N/A     N/A     N/A     N/A     N/A     N/A     N/A  
[2m[36m(pid=24414)[0m  5   N/A     N/A     N/A     N/A     N/A     N/A     N/A  
[2m[36m(pid=24414)[0m  6   N/A     N/A     N/A     N/A     N/A     N/A     N/A  
[2m[36m(pid=24414)[0m  7   N/A     N/A     N/A     N/A     N/A     N/A     N/A  
[2m[36m(pid=24414)[0m  8   N/A     N/A     N/A     N/A     N/A     N/A     N/A  
[2m[36m(pid=24414)[0m  9   N/A     N/A     N/A     N/A     N/A     N/A     N/A  
[2m[36m(pid=24414)[0m 10   N/A     N/A     N/A     N/A     N/A     N/A     N/A  
[2m[36m(pid=24414)[0m 11   N/A     N/A     N/A     N/A     N/A     N/A     N/A  
[2m[36m(pid=24414)[0m 12   N/A     N/A     N/A     N/A     N/A     N/A     N/A  
[2m[36m(pid=24414)[0m steps: 18
[2m[36m(pid=24412)[0m number of updates: 23
[2m[36m(pid=24412)[0m update speed: 0.5/s
[2m[36m(pid=24412)[0m loss: 0.0217

[2m[36m(pid=24414)[0m buffer update speed: 3965.6/s
[2m[36m(pid=24414)[0m buffer size: 245617
[2m[36m(pid=24414)[0m      10      15      20      25      30      35      40   
[2m[36m(pid=24414)[0m  1  10/200   N/A     N/A     N/A     N/A     N/A     N/A  
[2m[36m(pid=24414)[0m  2   N/A     N/A     N/A     N/A     N/A     N/A     N/A  
[2m[36m(pid=24414)[0m  3   N/A     N/A     N/A     N/A     N/A     N/A     N/A  
[2m[36m(pid=24414)[0m  4   N/A     N/A     N/A     N/A     N/A     N/A     N/A  
[2m[36m(pid=24414)[0m  5   N/A     N/A     N/A     N/A     N/A     N/A     N/A  
[2m[36m(pid=24414)[0m  6   N/A     N/A     N/A     N/A     N/A     N/A     N/A  
[2m[36m(pid=24414)[0m  7   N/A     N/A     N/A     N/A     N/A     N/A     N/A  
[2m[36m(pid=24414)[0m  8   N/A     N/A     N/A     N/A     N/A     N/A     N/A  
[2m[36m(pid=24414)[0m  9   N/A     N/A     N/A     N/A     N/A     N/A     N/A  
[2m[36m(pid=24414)[0m 10   N/A     N/A     N/A     N/A     N/A     N/A     N/A  
[2m[36m(pid=24414)[0m 11   N/A     N/A     N/A     N/A     N/A     N/A     N/A  
[2m[36m(pid=24414)[0m 12   N/A     N/A     N/A     N/A     N/A     N/A     N/A  
[2m[36m(pid=24414)[0m steps: 23

[2m[36m(pid=24412)[0m number of updates: 27
[2m[36m(pid=24412)[0m update speed: 0.4/s
[2m[36m(pid=24412)[0m loss: 0.0266
[2m[36m(pid=24414)[0m buffer update speed: 3974.4/s
[2m[36m(pid=24414)[0m buffer size: 285361
[2m[36m(pid=24414)[0m      10      15      20      25      30      35      40   
[2m[36m(pid=24414)[0m  1   8/200   N/A     N/A     N/A     N/A     N/A     N/A  
[2m[36m(pid=24414)[0m  2   N/A     N/A     N/A     N/A     N/A     N/A     N/A  
[2m[36m(pid=24414)[0m  3   N/A     N/A     N/A     N/A     N/A     N/A     N/A  
[2m[36m(pid=24414)[0m  4   N/A     N/A     N/A     N/A     N/A     N/A     N/A  
[2m[36m(pid=24414)[0m  5   N/A     N/A     N/A     N/A     N/A     N/A     N/A  
[2m[36m(pid=24414)[0m  6   N/A     N/A     N/A     N/A     N/A     N/A     N/A  
[2m[36m(pid=24414)[0m  7   N/A     N/A     N/A     N/A     N/A     N/A     N/A  
[2m[36m(pid=24414)[0m  8   N/A     N/A     N/A     N/A     N/A     N/A     N/A  
[2m[36m(pid=24414)[0m  9   N/A     N/A     N/A     N/A     N/A     N/A     N/A  
[2m[36m(pid=24414)[0m 10   N/A     N/A     N/A     N/A     N/A     N/A     N/A  
[2m[36m(pid=24414)[0m 11   N/A     N/A     N/A     N/A     N/A     N/A     N/A  
[2m[36m(pid=24414)[0m 12   N/A     N/A     N/A     N/A     N/A     N/A     N/A  
[2m[36m(pid=24414)[0m steps: 27
